[
    {
        "EventID": 5379,
        "TimeGenerated": "2025-01-16 22:10:09",
        "SourceName": "Microsoft-Windows-Security-Auditing",
        "EventType": "Audit Success",
        "EventCategory": 13824,
        "Message": "Credential Manager credentials were read.\r\n\r\nSubject:\r\n\tSecurity ID:\t\tS-1-5-21-4176545725-3240412065-1138046539-1002\r\n\tAccount Name:\t\ttesti\r\n\tAccount Domain:\t\tJAIBAJRANG\r\n\tLogon ID:\t\t0x61cd4\r\n\tRead Operation:\t\t%%8100\r\n\r\nThis event occurs when a user performs a read operation on stored credentials in Credential Manager.\r\n"
    },
    {
        "EventID": 5379,
        "TimeGenerated": "2025-01-16 22:10:09",
        "SourceName": "Microsoft-Windows-Security-Auditing",
        "EventType": "Audit Success",
        "EventCategory": 13824,
        "Message": "Credential Manager credentials were read.\r\n\r\nSubject:\r\n\tSecurity ID:\t\tS-1-5-21-4176545725-3240412065-1138046539-1002\r\n\tAccount Name:\t\ttesti\r\n\tAccount Domain:\t\tJAIBAJRANG\r\n\tLogon ID:\t\t0x61cd4\r\n\tRead Operation:\t\t%%8100\r\n\r\nThis event occurs when a user performs a read operation on stored credentials in Credential Manager.\r\n"
    },
    {
        "EventID": 5379,
        "TimeGenerated": "2025-01-16 22:10:09",
        "SourceName": "Microsoft-Windows-Security-Auditing",
        "EventType": "Audit Success",
        "EventCategory": 13824,
        "Message": "Credential Manager credentials were read.\r\n\r\nSubject:\r\n\tSecurity ID:\t\tS-1-5-21-4176545725-3240412065-1138046539-1002\r\n\tAccount Name:\t\ttesti\r\n\tAccount Domain:\t\tJAIBAJRANG\r\n\tLogon ID:\t\t0x61cd4\r\n\tRead Operation:\t\t%%8100\r\n\r\nThis event occurs when a user performs a read operation on stored credentials in Credential Manager.\r\n"
    },
    {
        "EventID": 5379,
        "TimeGenerated": "2025-01-16 22:10:09",
        "SourceName": "Microsoft-Windows-Security-Auditing",
        "EventType": "Audit Success",
        "EventCategory": 13824,
        "Message": "Credential Manager credentials were read.\r\n\r\nSubject:\r\n\tSecurity ID:\t\tS-1-5-21-4176545725-3240412065-1138046539-1002\r\n\tAccount Name:\t\ttesti\r\n\tAccount Domain:\t\tJAIBAJRANG\r\n\tLogon ID:\t\t0x61cd4\r\n\tRead Operation:\t\t%%8100\r\n\r\nThis event occurs when a user performs a read operation on stored credentials in Credential Manager.\r\n"
    },
    {
        "EventID": 5379,
        "TimeGenerated": "2025-01-16 22:10:09",
        "SourceName": "Microsoft-Windows-Security-Auditing",
        "EventType": "Audit Success",
        "EventCategory": 13824,
        "Message": "Credential Manager credentials were read.\r\n\r\nSubject:\r\n\tSecurity ID:\t\tS-1-5-21-4176545725-3240412065-1138046539-1002\r\n\tAccount Name:\t\ttesti\r\n\tAccount Domain:\t\tJAIBAJRANG\r\n\tLogon ID:\t\t0x61cd4\r\n\tRead Operation:\t\t%%8100\r\n\r\nThis event occurs when a user performs a read operation on stored credentials in Credential Manager.\r\n"
    },
    {
        "EventID": 5379,
        "TimeGenerated": "2025-01-16 22:10:09",
        "SourceName": "Microsoft-Windows-Security-Auditing",
        "EventType": "Audit Success",
        "EventCategory": 13824,
        "Message": "Credential Manager credentials were read.\r\n\r\nSubject:\r\n\tSecurity ID:\t\tS-1-5-21-4176545725-3240412065-1138046539-1002\r\n\tAccount Name:\t\ttesti\r\n\tAccount Domain:\t\tJAIBAJRANG\r\n\tLogon ID:\t\t0x61cd4\r\n\tRead Operation:\t\t%%8100\r\n\r\nThis event occurs when a user performs a read operation on stored credentials in Credential Manager.\r\n"
    },
    {
        "EventID": 5379,
        "TimeGenerated": "2025-01-16 22:10:09",
        "SourceName": "Microsoft-Windows-Security-Auditing",
        "EventType": "Audit Success",
        "EventCategory": 13824,
        "Message": "Credential Manager credentials were read.\r\n\r\nSubject:\r\n\tSecurity ID:\t\tS-1-5-21-4176545725-3240412065-1138046539-1002\r\n\tAccount Name:\t\ttesti\r\n\tAccount Domain:\t\tJAIBAJRANG\r\n\tLogon ID:\t\t0x61cd4\r\n\tRead Operation:\t\t%%8100\r\n\r\nThis event occurs when a user performs a read operation on stored credentials in Credential Manager.\r\n"
    },
    {
        "EventID": 5379,
        "TimeGenerated": "2025-01-16 22:10:09",
        "SourceName": "Microsoft-Windows-Security-Auditing",
        "EventType": "Audit Success",
        "EventCategory": 13824,
        "Message": "Credential Manager credentials were read.\r\n\r\nSubject:\r\n\tSecurity ID:\t\tS-1-5-21-4176545725-3240412065-1138046539-1002\r\n\tAccount Name:\t\ttesti\r\n\tAccount Domain:\t\tJAIBAJRANG\r\n\tLogon ID:\t\t0x61cd4\r\n\tRead Operation:\t\t%%8100\r\n\r\nThis event occurs when a user performs a read operation on stored credentials in Credential Manager.\r\n"
    }
]