[{"group":"Sigma","kind":"individual","document":{"kind":"evtx","path":"C:\\Users\\testi\\Desktop\\Bajrang\\python\\evtx_new\\evtx\\Security_20250122_234000.evtx","data":{"Event":{"System":{"Correlation":null,"Provider_attributes":{"Name":"Microsoft-Windows-Security-Auditing","Guid":"54849625-5478-4994-A5BA-3E3B0328C30D"},"Task":12544,"TimeCreated_attributes":{"SystemTime":"2025-01-22T19:42:51.174574Z"},"EventID":4624,"Level":0,"Opcode":0,"Execution_attributes":{"ThreadID":4500,"ProcessID":1240},"EventRecordID":982430,"Version":3,"Keywords":"0x8020000000000000","Channel":"Security","Security":null,"Computer":"JAIBAJRANG"},"EventData":{"LogonProcessName":"Negotiat","IpPort":"-","ProcessId":"0x4d8","LogonGuid":"00000000-0000-0000-0000-000000000000","TargetLogonId":"0x23faa35b","TargetLinkedLogonId":"0x23faa683","TargetUserSid":"S-1-5-21-4176545725-3240412065-1138046539-1002","KeyLength":0,"IpAddress":"-","SubjectDomainName":"WORKGROUP","LmPackageName":"-","TargetOutboundDomainName":"-","TargetOutboundUserName":"-","SubjectUserSid":"S-1-5-18","SubjectUserName":"JAIBAJRANG$","LogonType":7,"AuthenticationPackageName":"Negotiate","ProcessName":"C:\\Windows\\System32\\lsass.exe","RestrictedAdminMode":"-","WorkstationName":"JAIBAJRANG","VirtualAccount":"%%1843","TargetUserName":"testingtesla7@gmail.com","ElevatedToken":"%%1842","SubjectLogonId":"0x3e7","ImpersonationLevel":"%%1833","RemoteCredentialGuard":"-","TransmittedServices":"-","TargetDomainName":"MicrosoftAccount"}},"Event_attributes":{"xmlns":"http://schemas.microsoft.com/win/2004/08/events/event"}}},"name":"Unlock Logon (Logon Type 7)","timestamp":"2025-01-22T19:42:51.174574+00:00","authors":["Your Name"],"level":"low","source":"sigma","status":"experimental","falsepositives":["Normal user activity"],"id":"12345678-1234-1234-1234-123456789016","logsource":{"product":"windows","service":"security"},"tags":["attack.defense_evasion","attack.t1078"]},{"group":"Sigma","kind":"individual","document":{"kind":"evtx","path":"C:\\Users\\testi\\Desktop\\Bajrang\\python\\evtx_new\\evtx\\Security_20250122_234000.evtx","data":{"Event":{"System":{"Correlation":null,"Provider_attributes":{"Name":"Microsoft-Windows-Security-Auditing","Guid":"54849625-5478-4994-A5BA-3E3B0328C30D"},"Task":12544,"TimeCreated_attributes":{"SystemTime":"2025-01-22T19:42:51.174583Z"},"EventID":4624,"Level":0,"Opcode":0,"Execution_attributes":{"ThreadID":4500,"ProcessID":1240},"EventRecordID":982431,"Version":3,"Keywords":"0x8020000000000000","Channel":"Security","Security":null,"Computer":"JAIBAJRANG"},"EventData":{"LogonProcessName":"Negotiat","IpPort":"-","ProcessId":"0x4d8","LogonGuid":"00000000-0000-0000-0000-000000000000","TargetLogonId":"0x23faa683","TargetLinkedLogonId":"0x23faa35b","TargetUserSid":"S-1-5-21-4176545725-3240412065-1138046539-1002","KeyLength":0,"IpAddress":"-","SubjectDomainName":"WORKGROUP","LmPackageName":"-","TargetOutboundDomainName":"-","TargetOutboundUserName":"-","SubjectUserSid":"S-1-5-18","SubjectUserName":"JAIBAJRANG$","LogonType":7,"AuthenticationPackageName":"Negotiate","ProcessName":"C:\\Windows\\System32\\lsass.exe","RestrictedAdminMode":"-","WorkstationName":"JAIBAJRANG","VirtualAccount":"%%1843","TargetUserName":"testingtesla7@gmail.com","ElevatedToken":"%%1843","SubjectLogonId":"0x3e7","ImpersonationLevel":"%%1833","RemoteCredentialGuard":"-","TransmittedServices":"-","TargetDomainName":"MicrosoftAccount"}},"Event_attributes":{"xmlns":"http://schemas.microsoft.com/win/2004/08/events/event"}}},"name":"Unlock Logon (Logon Type 7)","timestamp":"2025-01-22T19:42:51.174583+00:00","authors":["Your Name"],"level":"low","source":"sigma","status":"experimental","falsepositives":["Normal user activity"],"id":"12345678-1234-1234-1234-123456789016","logsource":{"product":"windows","service":"security"},"tags":["attack.defense_evasion","attack.t1078"]},{"group":"Sigma","kind":"individual","document":{"kind":"evtx","path":"C:\\Users\\testi\\Desktop\\Bajrang\\python\\evtx_new\\evtx\\Security_20250122_234000.evtx","data":{"Event":{"System":{"Correlation":null,"Provider_attributes":{"Name":"Microsoft-Windows-Security-Auditing","Guid":"54849625-5478-4994-A5BA-3E3B0328C30D"},"Task":12545,"TimeCreated_attributes":{"SystemTime":"2025-01-22T19:42:51.174710Z"},"EventID":4634,"Level":0,"Opcode":0,"Execution_attributes":{"ThreadID":4932,"ProcessID":1240},"EventRecordID":982433,"Version":0,"Keywords":"0x8020000000000000","Channel":"Security","Security":null,"Computer":"JAIBAJRANG"},"EventData":{"TargetUserSid":"S-1-5-21-4176545725-3240412065-1138046539-1002","LogonType":7,"TargetDomainName":"JAIBAJRANG","TargetLogonId":"0x23faa683","TargetUserName":"testi"}},"Event_attributes":{"xmlns":"http://schemas.microsoft.com/win/2004/08/events/event"}}},"name":"User Logoff Event","timestamp":"2025-01-22T19:42:51.174710+00:00","authors":["frack113"],"level":"info","source":"sigma","status":"experimental","falsepositives":["Unknown"],"id":"0badd08f-c6a3-4630-90d3-6875cca440be","logsource":{"product":"windows","service":"security"},"references":["https://github.com/Yamato-Security/EnableWindowsLogSettings/blob/7f6d755d45ac7cc9fc35b0cbf498e6aa4ef19def/ConfiguringSecurityLogAuditPolicies.md","https://learn.microsoft.com/en-us/previous-versions/windows/it-pro/windows-10/security/threat-protection/auditing/event-4634","https://learn.microsoft.com/en-us/previous-versions/windows/it-pro/windows-10/security/threat-protection/auditing/event-4647"],"tags":["attack.impact","attack.t1531"]},{"group":"Sigma","kind":"individual","document":{"kind":"evtx","path":"C:\\Users\\testi\\Desktop\\Bajrang\\python\\evtx_new\\evtx\\Security_20250122_234000.evtx","data":{"Event":{"System":{"Correlation":null,"Provider_attributes":{"Name":"Microsoft-Windows-Security-Auditing","Guid":"54849625-5478-4994-A5BA-3E3B0328C30D"},"Task":12545,"TimeCreated_attributes":{"SystemTime":"2025-01-22T19:42:51.174715Z"},"EventID":4634,"Level":0,"Opcode":0,"Execution_attributes":{"ThreadID":83504,"ProcessID":1240},"EventRecordID":982434,"Version":0,"Keywords":"0x8020000000000000","Channel":"Security","Security":null,"Computer":"JAIBAJRANG"},"EventData":{"TargetUserSid":"S-1-5-21-4176545725-3240412065-1138046539-1002","LogonType":2,"TargetDomainName":"JAIBAJRANG","TargetLogonId":"0x23fa88a6","TargetUserName":"testi"}},"Event_attributes":{"xmlns":"http://schemas.microsoft.com/win/2004/08/events/event"}}},"name":"User Logoff Event","timestamp":"2025-01-22T19:42:51.174715+00:00","authors":["frack113"],"level":"info","source":"sigma","status":"experimental","falsepositives":["Unknown"],"id":"0badd08f-c6a3-4630-90d3-6875cca440be","logsource":{"product":"windows","service":"security"},"references":["https://github.com/Yamato-Security/EnableWindowsLogSettings/blob/7f6d755d45ac7cc9fc35b0cbf498e6aa4ef19def/ConfiguringSecurityLogAuditPolicies.md","https://learn.microsoft.com/en-us/previous-versions/windows/it-pro/windows-10/security/threat-protection/auditing/event-4634","https://learn.microsoft.com/en-us/previous-versions/windows/it-pro/windows-10/security/threat-protection/auditing/event-4647"],"tags":["attack.impact","attack.t1531"]},{"group":"Sigma","kind":"individual","document":{"kind":"evtx","path":"C:\\Users\\testi\\Desktop\\Bajrang\\python\\evtx_new\\evtx\\Security_20250122_234000.evtx","data":{"Event":{"System":{"Correlation":null,"Provider_attributes":{"Name":"Microsoft-Windows-Security-Auditing","Guid":"54849625-5478-4994-A5BA-3E3B0328C30D"},"Task":12545,"TimeCreated_attributes":{"SystemTime":"2025-01-22T19:42:51.174765Z"},"EventID":4634,"Level":0,"Opcode":0,"Execution_attributes":{"ThreadID":19472,"ProcessID":1240},"EventRecordID":982435,"Version":0,"Keywords":"0x8020000000000000","Channel":"Security","Security":null,"Computer":"JAIBAJRANG"},"EventData":{"TargetUserSid":"S-1-5-21-4176545725-3240412065-1138046539-1002","LogonType":2,"TargetDomainName":"JAIBAJRANG","TargetLogonId":"0x23fa8859","TargetUserName":"testi"}},"Event_attributes":{"xmlns":"http://schemas.microsoft.com/win/2004/08/events/event"}}},"name":"User Logoff Event","timestamp":"2025-01-22T19:42:51.174765+00:00","authors":["frack113"],"level":"info","source":"sigma","status":"experimental","falsepositives":["Unknown"],"id":"0badd08f-c6a3-4630-90d3-6875cca440be","logsource":{"product":"windows","service":"security"},"references":["https://github.com/Yamato-Security/EnableWindowsLogSettings/blob/7f6d755d45ac7cc9fc35b0cbf498e6aa4ef19def/ConfiguringSecurityLogAuditPolicies.md","https://learn.microsoft.com/en-us/previous-versions/windows/it-pro/windows-10/security/threat-protection/auditing/event-4634","https://learn.microsoft.com/en-us/previous-versions/windows/it-pro/windows-10/security/threat-protection/auditing/event-4647"],"tags":["attack.impact","attack.t1531"]},{"group":"Sigma","kind":"individual","document":{"kind":"evtx","path":"C:\\Users\\testi\\Desktop\\Bajrang\\python\\evtx_new\\evtx\\Security_20250122_234000.evtx","data":{"Event":{"System":{"Correlation":null,"Provider_attributes":{"Name":"Microsoft-Windows-Security-Auditing","Guid":"54849625-5478-4994-A5BA-3E3B0328C30D"},"Task":12545,"TimeCreated_attributes":{"SystemTime":"2025-01-22T19:42:51.174837Z"},"EventID":4634,"Level":0,"Opcode":0,"Execution_attributes":{"ThreadID":19472,"ProcessID":1240},"EventRecordID":982436,"Version":0,"Keywords":"0x8020000000000000","Channel":"Security","Security":null,"Computer":"JAIBAJRANG"},"EventData":{"TargetUserSid":"S-1-5-21-4176545725-3240412065-1138046539-1002","LogonType":7,"TargetDomainName":"JAIBAJRANG","TargetLogonId":"0x23faa35b","TargetUserName":"testi"}},"Event_attributes":{"xmlns":"http://schemas.microsoft.com/win/2004/08/events/event"}}},"name":"User Logoff Event","timestamp":"2025-01-22T19:42:51.174837+00:00","authors":["frack113"],"level":"info","source":"sigma","status":"experimental","falsepositives":["Unknown"],"id":"0badd08f-c6a3-4630-90d3-6875cca440be","logsource":{"product":"windows","service":"security"},"references":["https://github.com/Yamato-Security/EnableWindowsLogSettings/blob/7f6d755d45ac7cc9fc35b0cbf498e6aa4ef19def/ConfiguringSecurityLogAuditPolicies.md","https://learn.microsoft.com/en-us/previous-versions/windows/it-pro/windows-10/security/threat-protection/auditing/event-4634","https://learn.microsoft.com/en-us/previous-versions/windows/it-pro/windows-10/security/threat-protection/auditing/event-4647"],"tags":["attack.impact","attack.t1531"]}]